0 info it worked if it ends with ok
1 verbose cli [ 'C:\\Program Files\\nodejs\\node.exe',
1 verbose cli   'C:\\Users\\Mushlihun.NB-MUSHLIHUN\\AppData\\Roaming\\npm\\node_modules\\npm\\bin\\npm-cli.js',
1 verbose cli   'run',
1 verbose cli   'dev' ]
2 info using npm@3.10.10
3 info using node@v6.11.5
4 verbose run-script [ 'predev', 'dev', 'postdev' ]
5 info lifecycle armadamasuser@0.1.0~predev: armadamasuser@0.1.0
6 silly lifecycle armadamasuser@0.1.0~predev: no script for predev, continuing
7 info lifecycle armadamasuser@0.1.0~dev: armadamasuser@0.1.0
8 verbose lifecycle armadamasuser@0.1.0~dev: unsafe-perm in lifecycle true
9 verbose lifecycle armadamasuser@0.1.0~dev: PATH: C:\Users\Mushlihun.NB-MUSHLIHUN\AppData\Roaming\npm\node_modules\npm\bin\node-gyp-bin;D:\AGIT\Project\PGN\ArmadaMAS\ArmadaMASUser\node_modules\.bin;C:\Users\Mushlihun.NB-MUSHLIHUN\bin;C:\Program Files\Git\mingw64\bin;C:\Program Files\Git\usr\local\bin;C:\Program Files\Git\usr\bin;C:\Program Files\Git\usr\bin;C:\Program Files\Git\mingw64\bin;C:\Program Files\Git\usr\bin;C:\Users\Mushlihun.NB-MUSHLIHUN\bin;C:\oraclexe\app\oracle\product\11.2.0\server\bin;C:\ProgramData\Oracle\Java\javapath;C:\Perl64\site\bin;C:\Perl64\bin;C:\Program Files (x86)\Intel\iCLS Client;C:\Program Files\Intel\iCLS Client;C:\windows\system32;C:\windows;C:\windows\System32\Wbem;C:\windows\System32\WindowsPowerShell\v1.0;C:\Program Files (x86)\Intel\Intel(R) Management Engine Components\DAL;C:\Program Files\Intel\Intel(R) Management Engine Components\DAL;C:\Program Files (x86)\Intel\Intel(R) Management Engine Components\IPT;C:\Program Files\Intel\Intel(R) Management Engine Components\IPT;C:\Program Files\Git\cmd;C:\Program Files\Java\jdk1.8.0_102\bin;C:\Program Files\Java\jre1.8.0_102\bin;D:\AGIT\Software\apache-ant-1.8.4\bin;C:\Users\Mushlihun.NB-MUSHLIHUN\AppData\Roaming\npm;C:\adb;D:\AGIT\Software\apache-ant-1.10.1\bin;C:\WINDOWS\system32;C:\WINDOWS;C:\WINDOWS\System32\Wbem;C:\WINDOWS\System32\WindowsPowerShell\v1.0;D:\Software\xampp\php;C:\ProgramData\ComposerSetup\bin;C:\Program Files\Intel\WiFi\bin;C:\Program Files\Common Files\Intel\WirelessCommon;C:\Program Files\dotnet;C:\Program Files (x86)\Yarn\bin;C:\oraclexe\app\oracle\product\11.2.0\server\bi;C:\ProgramData\Oracle\Java\javapath;C:\Perl64\site\bin;C:\Perl64\bin;C:\Program Files (x86)\Intel\iCLS Client;C:\Program Files\Intel\iCLS Client;C:\windows\system32;C:\windows;C:\windows\System32\Wbem;C:\windows\System32\WindowsPowerShell\v1.0;C:\Program Files (x86)\Intel\Intel(R) Management Engine Components\DAL;C:\Program Files\Intel\Intel(R) Management Engine Components\DAL;C:\Program Files (x86)\Intel\Intel(R) Management Engine Components\IPT;C:\Program Files\Intel\Intel(R) Management Engine Components\IPT;C:\Program Files\Git\cmd;C:\Program Files\Java\jdk1.8.0_102\bin;C:\Program Files\Java\jre1.8.0_102\bin;D:\AGIT\Software\apache-ant-1.8.4\bin;C:\Users\Mushlihun.NB-MUSHLIHUN\AppData\Roaming\npm;C:\adb;D:\AGIT\Software\apache-ant-1.10.1\bin;C:\WINDOWS\system32;C:\WINDOWS;C:\WINDOWS\System32\Wbem;C:\WINDOWS\System32\WindowsPowerShell\v1.0;D:\Software\xampp\php;C:\ProgramData\ComposerSetup\bin;C:\Program Files\Intel\WiFi\bin;C:\Program Files\Common Files\Intel\WirelessCommon;C:\Program Files\dotnet;C:\Program Files (x86)\Yarn\bin;C:\oraclexe\app\oracle\product\11.2.0\server\bi;C:\ProgramData\Oracle\Java\javapath;C:\Perl64\site\bin;C:\Perl64\bin;C:\Program Files (x86)\Intel\iCLS Client;C:\Program Files\Intel\iCLS Client;C:\windows\system32;C:\windows;C:\windows\System32\Wbem;C:\windows\System32\WindowsPowerShell\v1.0;C:\Program Files (x86)\Intel\Intel(R) Management Engine Components\DAL;C:\Program Files\Intel\Intel(R) Management Engine Components\DAL;C:\Program Files (x86)\Intel\Intel(R) Management Engine Components\IPT;C:\Program Files\Intel\Intel(R) Management Engine Components\IPT;C:\Program Files\Git\cmd;C:\Program Files\Java\jdk1.8.0_102\bin;C:\Program Files\Java\jre1.8.0_102\bin;D:\AGIT\Software\apache-ant-1.8.4\bin;C:\Users\Mushlihun.NB-MUSHLIHUN\AppData\Roaming\npm;C:\adb;D:\AGIT\Software\apache-ant-1.10.1\bin;C:\WINDOWS\system32;C:\WINDOWS;C:\WINDOWS\System32\Wbem;C:\WINDOWS\System32\WindowsPowerShell\v1.0;D:\Software\xampp\php;C:\ProgramData\ComposerSetup\bin;C:\Program Files\Intel\WiFi\bin;C:\Program Files\Common Files\Intel\WirelessCommon;C:\Program Files\dotnet;C:\Program Files (x86)\Yarn\bin;C:\WINDOWS\System3;D:\AGIT\Android\android-sdk\tools;D:\AGIT\Android\android-sdk\platform-tools";C:\Users\Mushlihun.NB-MUSHLIHUN\AppData\Roaming\nvm;C:\Program Files\nodejs;C:\Program Files\TortoiseHg;C:\Program Files (x86)\VisualSVN\bin;C:\Program Files\TortoiseSVN\bin;C:\Program Files\nodejs;D:\AGIT\Android\android-sdk\tools;D:\AGIT\Android\android-sdk\platform-tools";C:\Users\Mushlihun.NB-MUSHLIHUN\AppData\Roaming\nvm;C:\Program Files\nodejs;C:\Program Files\TortoiseHg;C:\Program Files (x86)\VisualSVN\bin;C:\Program Files\TortoiseSVN\bin;C:\Program Files\nodejs;D:\AGIT\Android\android-sdk\tools;D:\AGIT\Android\android-sdk\platform-tools";C:\Users\Mushlihun.NB-MUSHLIHUN\AppData\Roaming\nvm;C:\Program Files\nodejs;C:\Program Files\TortoiseHg;C:\Program Files;C:\oraclexe\app\oracle\product\11.2.0\server\bin;C:\ProgramData\Oracle\Java\javapath;C:\Perl64\site\bin;C:\Perl64\bin;C:\Program Files (x86)\Intel\iCLS Client;C:\Program Files\Intel\iCLS Client;C:\windows\system32;C:\windows;C:\windows\System32\Wbem;C:\windows\System32\WindowsPowerShell\v1.0;C:\Program Files (x86)\Intel\Intel(R) Management Engine Components\DAL;C:\Program Files\Intel\Intel(R) Management Engine Components\DAL;C:\Program Files (x86)\Intel\Intel(R) Management Engine Components\IPT;C:\Program Files\Intel\Intel(R) Management Engine Components\IPT;C:\Program Files\Git\cmd;C:\Program Files\Java\jdk1.8.0_102\bin;C:\Program Files\Java\jre1.8.0_102\bin;D:\AGIT\Software\apache-ant-1.8.4\bin;C:\Users\Mushlihun.NB-MUSHLIHUN\AppData\Roaming\npm;C:\adb;D:\AGIT\Software\apache-ant-1.10.1\bin;C:\WINDOWS\system32;C:\WINDOWS;C:\WINDOWS\System32\Wbem;C:\WINDOWS\System32\WindowsPowerShell\v1.0;D:\Software\xampp\php;C:\ProgramData\ComposerSetup\bin;C:\Program Files\Intel\WiFi\bin;C:\Program Files\Microsoft VS Code\bin;C:\Users\Mushlihun.NB-MUSHLIHUN\AppData\Local\Yarn\bin;C:\Users\Mushlihun.NB-MUSHLIHUN\AppData\Roaming\nvm;C:\Program Files\nodejs;C:\oraclexe\app\oracle\product\11.2.0\server\bi;C:\ProgramData\Oracle\Java\javapath;C:\Perl64\site\bin;C:\Perl64\bin;C:\Program Files (x86)\Intel\iCLS Client;C:\Program Files\Intel\iCLS Client;C:\windows\system32;C:\windows;C:\windows\System32\Wbem;C:\windows\System32\WindowsPowerShell\v1.0;C:\Program Files (x86)\Intel\Intel(R) Management Engine Components\DAL;C:\Program Files\Intel\Intel(R) Management Engine Components\DAL;C:\Program Files (x86)\Intel\Intel(R) Management Engine Components\IPT;C:\Program Files\Intel\Intel(R) Management Engine Components\IPT;C:\Program Files\Git\cmd;C:\Program Files\Java\jdk1.8.0_102\bin;C:\Program Files\Java\jre1.8.0_102\bin;D:\AGIT\Software\apache-ant-1.8.4\bin;C:\Users\Mushlihun.NB-MUSHLIHUN\AppData\Roaming\npm;C:\adb;D:\AGIT\Software\apache-ant-1.10.1\bin;C:\WINDOWS\system32;C:\WINDOWS;C:\WINDOWS\System32\Wbem;C:\WINDOWS\System32\WindowsPowerShell\v1.0;D:\Software\xampp\php;C:\ProgramData\ComposerSetup\bin;C:\Program Files\Intel\WiFi\bin;C:\Program Files\Common Files\Intel\WirelessCommon;C:\Program Files\dotnet;C:\Program Files (x86)\Yarn\bin;C:\oraclexe\app\oracle\product\11.2.0\server\bi;C:\ProgramData\Oracle\Java\javapath;C:\Perl64\site\bin;C:\Perl64\bin;C:\Program Files (x86)\Intel\iCLS Client;C:\Program Files\Intel\iCLS Client;C:\windows\system32;C:\windows;C:\windows\System32\Wbem;C:\windows\System32\WindowsPowerShell\v1.0;C:\Program Files (x86)\Intel\Intel(R) Management Engine Components\DAL;C:\Program Files\Intel\Intel(R) Management Engine Components\DAL;C:\Program Files (x86)\Intel\Intel(R) Management Engine Components\IPT;C:\Program Files\Intel\Intel(R) Management Engine Components\IPT;C:\Program Files\Git\cmd;C:\Program Files\Java\jdk1.8.0_102\bin;C:\Program Files\Java\jre1.8.0_102\bin;D:\AGIT\Software\apache-ant-1.8.4\bin;C:\Users\Mushlihun.NB-MUSHLIHUN\AppData\Roaming\npm;C:\adb;D:\AGIT\Software\apache-ant-1.10.1\bin;C:\WINDOWS\system32;C:\WINDOWS;C:\WINDOWS\System32\Wbem;C:\WINDOWS\System32\WindowsPowerShell\v1.0;D:\Software\xampp\php;C:\ProgramData\ComposerSetup\bin;C:\Program Files\Intel\WiFi\bin;C:\Program Files\Common Files\Intel\WirelessCommon;C:\Program Files\dotnet;C:\Program Files (x86)\Yarn\bin;C:\oraclexe\app\oracle\product\11.2.0\server\bi;C:\ProgramData\Oracle\Java\javapath;C:\Perl64\site\bin;C:\Perl64\bin;C:\Program Files (x86)\Intel\iCLS Client;C:\Program Files\Intel\iCLS Client;C:\windows\system32;C:\windows;C:\windows\System32\Wbem;C:\windows\System32\WindowsPowerShell\v1.0;C:\Program Files (x86)\Intel\Intel(R) Management Engine Components\DAL;C:\Program Files\Intel\Intel(R) Management Engine Components\DAL;C:\Program Files (x86)\Intel\Intel(R) Management Engine Components\IPT;C:\Program Files\Intel\Intel(R) Management Engine Components\IPT;C:\Program Files\Git\cmd;C:\Program Files\Java\jdk1.8.0_102\bin;C:\Program Files\Java\jre1.8.0_102\bin;D:\AGIT\Software\apache-ant-1.8.4\bin;C:\Users\Mushlihun.NB-MUSHLIHUN\AppData\Roaming\npm;C:\adb;D:\AGIT\Software\apache-ant-1.10.1\bin;C:\WINDOWS\system32;C:\WINDOWS;C:\WINDOWS\System32\Wbem;C:\WINDOWS\System32\WindowsPowerShell\v1.0;D:\Software\xampp\php;C:\ProgramData\ComposerSetup\bin;C:\Program Files\Intel\WiFi\bin;C:\Program Files\Common Files\Intel\WirelessCommon;C:\Program Files\dotnet;C:\Program Files (x86)\Yarn\bin;C:\WINDOWS\System3;D:\AGIT\Android\android-sdk\tools;D:\AGIT\Android\android-sdk\platform-tools";C:\Users\Mushlihun.NB-MUSHLIHUN\AppData\Roaming\nvm;C:\Program Files\nodejs;C:\Program Files\TortoiseHg;C:\Program Files (x86)\VisualSVN\bin;C:\Program Files\TortoiseSVN\bin;C:\Program Files\nodejs;D:\AGIT\Android\android-sdk\tools;D:\AGIT\Android\android-sdk\platform-tools";C:\Users\Mushlihun.NB-MUSHLIHUN\AppData\Roaming\nvm;C:\Program Files\nodejs;C:\Program Files\TortoiseHg;C:\Program Files (x86)\VisualSVN\bin;C:\Program Files\TortoiseSVN\bin;C:\Program Files\nodejs;D:\AGIT\Android\android-sdk\tools;D:\AGIT\Android\android-sdk\platform-tools";C:\Users\Mushlihun.NB-MUSHLIHUN\AppData\Roaming\nvm;C:\Program Files\nodejs;C:\Program Files\TortoiseHg;C:\Program Files;D:\AGIT\Android\android-sdk\tools;D:\AGIT\Android\android-sdk\platform-tools";C:\Program Files\nodejs;C:\Program Files\Git\usr\bin\vendor_perl;C:\Program Files\Git\usr\bin\core_perl
10 verbose lifecycle armadamasuser@0.1.0~dev: CWD: D:\AGIT\Project\PGN\ArmadaMAS\ArmadaMASUser
11 silly lifecycle armadamasuser@0.1.0~dev: Args: [ '/d /s /c', 'bnr dev' ]
12 silly lifecycle armadamasuser@0.1.0~dev: Returned: code: 1  signal: null
13 info lifecycle armadamasuser@0.1.0~dev: Failed to exec dev script
14 verbose stack Error: armadamasuser@0.1.0 dev: `bnr dev`
14 verbose stack Exit status 1
14 verbose stack     at EventEmitter.<anonymous> (C:\Users\Mushlihun.NB-MUSHLIHUN\AppData\Roaming\npm\node_modules\npm\lib\utils\lifecycle.js:255:16)
14 verbose stack     at emitTwo (events.js:106:13)
14 verbose stack     at EventEmitter.emit (events.js:191:7)
14 verbose stack     at ChildProcess.<anonymous> (C:\Users\Mushlihun.NB-MUSHLIHUN\AppData\Roaming\npm\node_modules\npm\lib\utils\spawn.js:40:14)
14 verbose stack     at emitTwo (events.js:106:13)
14 verbose stack     at ChildProcess.emit (events.js:191:7)
14 verbose stack     at maybeClose (internal/child_process.js:920:16)
14 verbose stack     at Process.ChildProcess._handle.onexit (internal/child_process.js:230:5)
15 verbose pkgid armadamasuser@0.1.0
16 verbose cwd D:\AGIT\Project\PGN\ArmadaMAS\ArmadaMASUser\src
17 error Windows_NT 10.0.16299
18 error argv "C:\\Program Files\\nodejs\\node.exe" "C:\\Users\\Mushlihun.NB-MUSHLIHUN\\AppData\\Roaming\\npm\\node_modules\\npm\\bin\\npm-cli.js" "run" "dev"
19 error node v6.11.5
20 error npm  v3.10.10
21 error code ELIFECYCLE
22 error armadamasuser@0.1.0 dev: `bnr dev`
22 error Exit status 1
23 error Failed at the armadamasuser@0.1.0 dev script 'bnr dev'.
23 error Make sure you have the latest version of node.js and npm installed.
23 error If you do, this is most likely a problem with the armadamasuser package,
23 error not with npm itself.
23 error Tell the author that this fails on your system:
23 error     bnr dev
23 error You can get information on how to open an issue for this project with:
23 error     npm bugs armadamasuser
23 error Or if that isn't available, you can get their info via:
23 error     npm owner ls armadamasuser
23 error There is likely additional logging output above.
24 verbose exit [ 1, true ]
